<?xml version="1.0" encoding="UTF-8"?>
<!-- Generated by org.testng.reporters.JUnitXMLReporter -->
<testsuite ignored="0" hostname="LAPTOP-MOMFRD5S" failures="0" tests="4" name="Test" time="23.482" errors="0" timestamp="2022-07-14T17:01:19 IST">
  <testcase classname="TestPack.TestClass2" name="openAppliances" time="0.346"/>
  <testcase classname="TestPack.TestClass2" name="openFlight" time="1.139"/>
  <testcase classname="TestPack.TestClass1" name="openGrocery" time="0.956"/>
  <testcase classname="TestPack.TestClass1" name="openMobile" time="0.295"/>
</testsuite> <!-- Test -->
