<?xml version="1.0" encoding="UTF-8"?>
<testng-results ignored="0" total="4" passed="4" failed="0" skipped="0">
  <reporter-output>
  </reporter-output>
  <suite started-at="2022-07-16T23:39:15 IST" name="flip123" finished-at="2022-07-16T23:39:59 IST" duration-ms="44362">
    <groups>
    </groups>
    <test started-at="2022-07-16T23:39:15 IST" name="ChromeTest" finished-at="2022-07-16T23:39:28 IST" duration-ms="13389">
      <class name="TestPack.TestClass2">
        <test-method is-config="true" signature="launchBrowser(java.lang.String)[pri:0, instance:TestPack.TestClass2@7c729a55]" started-at="2022-07-16T23:39:15 IST" name="launchBrowser" finished-at="2022-07-16T23:39:16 IST" duration-ms="1544" status="PASS">
          <params>
            <param index="0">
              <value>
                <![CDATA[Chrome]]>
              </value>
            </param>
          </params>
          <reporter-output>
          </reporter-output>
        </test-method> <!-- launchBrowser -->
        <test-method is-config="true" signature="createPOMObject()[pri:0, instance:TestPack.TestClass2@7c729a55]" started-at="2022-07-16T23:39:16 IST" name="createPOMObject" finished-at="2022-07-16T23:39:16 IST" duration-ms="29" status="PASS">
          <reporter-output>
          </reporter-output>
        </test-method> <!-- createPOMObject -->
        <test-method is-config="true" signature="login()[pri:0, instance:TestPack.TestClass2@7c729a55]" started-at="2022-07-16T23:39:16 IST" name="login" finished-at="2022-07-16T23:39:22 IST" duration-ms="5620" status="PASS">
          <reporter-output>
          </reporter-output>
        </test-method> <!-- login -->
        <test-method signature="openAppliances()[pri:0, instance:TestPack.TestClass2@7c729a55]" started-at="2022-07-16T23:39:22 IST" name="openAppliances" finished-at="2022-07-16T23:39:22 IST" duration-ms="404" status="PASS">
          <reporter-output>
          </reporter-output>
        </test-method> <!-- openAppliances -->
        <test-method is-config="true" signature="logout()[pri:0, instance:TestPack.TestClass2@7c729a55]" started-at="2022-07-16T23:39:22 IST" name="logout" finished-at="2022-07-16T23:39:23 IST" duration-ms="334" status="PASS">
          <reporter-output>
          </reporter-output>
        </test-method> <!-- logout -->
        <test-method is-config="true" signature="login()[pri:0, instance:TestPack.TestClass2@7c729a55]" started-at="2022-07-16T23:39:23 IST" name="login" finished-at="2022-07-16T23:39:27 IST" duration-ms="4001" status="PASS">
          <reporter-output>
          </reporter-output>
        </test-method> <!-- login -->
        <test-method signature="openFlight()[pri:0, instance:TestPack.TestClass2@7c729a55]" started-at="2022-07-16T23:39:27 IST" name="openFlight" finished-at="2022-07-16T23:39:28 IST" duration-ms="875" status="PASS">
          <reporter-output>
          </reporter-output>
        </test-method> <!-- openFlight -->
        <test-method is-config="true" signature="logout()[pri:0, instance:TestPack.TestClass2@7c729a55]" started-at="2022-07-16T23:39:28 IST" name="logout" finished-at="2022-07-16T23:39:28 IST" duration-ms="304" status="PASS">
          <reporter-output>
          </reporter-output>
        </test-method> <!-- logout -->
        <test-method is-config="true" signature="clearObject()[pri:0, instance:TestPack.TestClass2@7c729a55]" started-at="2022-07-16T23:39:28 IST" name="clearObject" finished-at="2022-07-16T23:39:28 IST" duration-ms="1" status="PASS">
          <reporter-output>
          </reporter-output>
        </test-method> <!-- clearObject -->
        <test-method is-config="true" signature="closeBrowser()[pri:0, instance:TestPack.TestClass2@7c729a55]" started-at="2022-07-16T23:39:28 IST" name="closeBrowser" finished-at="2022-07-16T23:39:28 IST" duration-ms="219" status="PASS">
          <reporter-output>
          </reporter-output>
        </test-method> <!-- closeBrowser -->
      </class> <!-- TestPack.TestClass2 -->
    </test> <!-- ChromeTest -->
    <test started-at="2022-07-16T23:39:28 IST" name="FirefoxTest" finished-at="2022-07-16T23:39:59 IST" duration-ms="30899">
      <class name="TestPack.TestClass1">
        <test-method is-config="true" signature="launchBrowser(java.lang.String)[pri:0, instance:TestPack.TestClass1@1a482e36]" started-at="2022-07-16T23:39:28 IST" name="launchBrowser" finished-at="2022-07-16T23:39:32 IST" duration-ms="3951" status="PASS">
          <params>
            <param index="0">
              <value>
                <![CDATA[Firefox]]>
              </value>
            </param>
          </params>
          <reporter-output>
          </reporter-output>
        </test-method> <!-- launchBrowser -->
        <test-method is-config="true" signature="createPOMObject()[pri:0, instance:TestPack.TestClass1@1a482e36]" started-at="2022-07-16T23:39:32 IST" name="createPOMObject" finished-at="2022-07-16T23:39:32 IST" duration-ms="2" status="PASS">
          <reporter-output>
          </reporter-output>
        </test-method> <!-- createPOMObject -->
        <test-method is-config="true" signature="logIn()[pri:0, instance:TestPack.TestClass1@1a482e36]" started-at="2022-07-16T23:39:32 IST" name="logIn" finished-at="2022-07-16T23:39:46 IST" duration-ms="13482" status="PASS">
          <reporter-output>
          </reporter-output>
        </test-method> <!-- logIn -->
        <test-method signature="openGrocery()[pri:0, instance:TestPack.TestClass1@1a482e36]" started-at="2022-07-16T23:39:46 IST" name="openGrocery" finished-at="2022-07-16T23:39:46 IST" duration-ms="284" status="PASS">
          <reporter-output>
          </reporter-output>
        </test-method> <!-- openGrocery -->
        <test-method is-config="true" signature="logOut()[pri:0, instance:TestPack.TestClass1@1a482e36]" started-at="2022-07-16T23:39:46 IST" name="logOut" finished-at="2022-07-16T23:39:46 IST" duration-ms="443" status="PASS">
          <reporter-output>
          </reporter-output>
        </test-method> <!-- logOut -->
        <test-method is-config="true" signature="logIn()[pri:0, instance:TestPack.TestClass1@1a482e36]" started-at="2022-07-16T23:39:46 IST" name="logIn" finished-at="2022-07-16T23:39:51 IST" duration-ms="4410" status="PASS">
          <reporter-output>
          </reporter-output>
        </test-method> <!-- logIn -->
        <test-method signature="openMobile()[pri:0, instance:TestPack.TestClass1@1a482e36]" started-at="2022-07-16T23:39:51 IST" name="openMobile" finished-at="2022-07-16T23:39:51 IST" duration-ms="261" status="PASS">
          <reporter-output>
          </reporter-output>
        </test-method> <!-- openMobile -->
        <test-method is-config="true" signature="logOut()[pri:0, instance:TestPack.TestClass1@1a482e36]" started-at="2022-07-16T23:39:51 IST" name="logOut" finished-at="2022-07-16T23:39:59 IST" duration-ms="8041" status="FAIL">
          <exception class="org.openqa.selenium.NoSuchElementException">
            <message>
              <![CDATA[Unable to locate element: //div[text()='Logout']
For documentation on this error, please visit: https://www.seleniumhq.org/exceptions/no_such_element.html
Build info: version: '3.141.59', revision: 'e82be7d358', time: '2018-11-14T08:17:03'
System info: host: 'LAPTOP-MOMFRD5S', ip: '192.168.1.111', os.name: 'Windows 11', os.arch: 'amd64', os.version: '10.0', java.version: '17.0.2'
Driver info: org.openqa.selenium.firefox.FirefoxDriver
Capabilities {acceptInsecureCerts: true, browserName: firefox, browserVersion: 102.0.1, javascriptEnabled: true, moz:accessibilityChecks: false, moz:buildID: 20220705093820, moz:geckodriverVersion: 0.31.0, moz:headless: false, moz:processID: 29092, moz:profile: C:\Users\POOJAA~1\AppData\L..., moz:shutdownTimeout: 60000, moz:useNonSpecCompliantPointerOrigin: false, moz:webdriverClick: true, moz:windowless: false, pageLoadStrategy: normal, platform: WINDOWS, platformName: WINDOWS, platformVersion: 10.0, proxy: Proxy(), setWindowRect: true, strictFileInteractability: false, timeouts: {implicit: 0, pageLoad: 300000, script: 30000}, unhandledPromptBehavior: dismiss and notify}
Session ID: b741daa7-945b-4681-80b3-18029e36ab8d
*** Element info: {Using=xpath, value=//div[text()='Logout']}]]>
            </message>
            <full-stacktrace>
              <![CDATA[org.openqa.selenium.NoSuchElementException: Unable to locate element: //div[text()='Logout']
For documentation on this error, please visit: https://www.seleniumhq.org/exceptions/no_such_element.html
Build info: version: '3.141.59', revision: 'e82be7d358', time: '2018-11-14T08:17:03'
System info: host: 'LAPTOP-MOMFRD5S', ip: '192.168.1.111', os.name: 'Windows 11', os.arch: 'amd64', os.version: '10.0', java.version: '17.0.2'
Driver info: org.openqa.selenium.firefox.FirefoxDriver
Capabilities {acceptInsecureCerts: true, browserName: firefox, browserVersion: 102.0.1, javascriptEnabled: true, moz:accessibilityChecks: false, moz:buildID: 20220705093820, moz:geckodriverVersion: 0.31.0, moz:headless: false, moz:processID: 29092, moz:profile: C:\Users\POOJAA~1\AppData\L..., moz:shutdownTimeout: 60000, moz:useNonSpecCompliantPointerOrigin: false, moz:webdriverClick: true, moz:windowless: false, pageLoadStrategy: normal, platform: WINDOWS, platformName: WINDOWS, platformVersion: 10.0, proxy: Proxy(), setWindowRect: true, strictFileInteractability: false, timeouts: {implicit: 0, pageLoad: 300000, script: 30000}, unhandledPromptBehavior: dismiss and notify}
Session ID: b741daa7-945b-4681-80b3-18029e36ab8d
*** Element info: {Using=xpath, value=//div[text()='Logout']}
at java.base/jdk.internal.reflect.NativeConstructorAccessorImpl.newInstance0(Native Method)
at java.base/jdk.internal.reflect.NativeConstructorAccessorImpl.newInstance(NativeConstructorAccessorImpl.java:77)
at java.base/jdk.internal.reflect.DelegatingConstructorAccessorImpl.newInstance(DelegatingConstructorAccessorImpl.java:45)
at java.base/java.lang.reflect.Constructor.newInstanceWithCaller(Constructor.java:499)
at java.base/java.lang.reflect.Constructor.newInstance(Constructor.java:480)
at org.openqa.selenium.remote.http.W3CHttpResponseCodec.createException(W3CHttpResponseCodec.java:187)
at org.openqa.selenium.remote.http.W3CHttpResponseCodec.decode(W3CHttpResponseCodec.java:122)
at org.openqa.selenium.remote.http.W3CHttpResponseCodec.decode(W3CHttpResponseCodec.java:49)
at org.openqa.selenium.remote.HttpCommandExecutor.execute(HttpCommandExecutor.java:158)
at org.openqa.selenium.remote.service.DriverCommandExecutor.execute(DriverCommandExecutor.java:83)
at org.openqa.selenium.remote.RemoteWebDriver.execute(RemoteWebDriver.java:552)
at org.openqa.selenium.remote.RemoteWebDriver.findElement(RemoteWebDriver.java:323)
at org.openqa.selenium.remote.RemoteWebDriver.findElementByXPath(RemoteWebDriver.java:428)
at org.openqa.selenium.By$ByXPath.findElement(By.java:353)
at org.openqa.selenium.remote.RemoteWebDriver.findElement(RemoteWebDriver.java:315)
at org.openqa.selenium.support.pagefactory.DefaultElementLocator.findElement(DefaultElementLocator.java:69)
at org.openqa.selenium.support.pagefactory.internal.LocatingElementHandler.invoke(LocatingElementHandler.java:38)
at jdk.proxy2/jdk.proxy2.$Proxy16.click(Unknown Source)
at PomPack.HomePage.clicklogout(HomePage.java:65)
at TestPack.TestClass1.logOut(TestClass1.java:102)
at java.base/jdk.internal.reflect.NativeMethodAccessorImpl.invoke0(Native Method)
at java.base/jdk.internal.reflect.NativeMethodAccessorImpl.invoke(NativeMethodAccessorImpl.java:77)
at java.base/jdk.internal.reflect.DelegatingMethodAccessorImpl.invoke(DelegatingMethodAccessorImpl.java:43)
at java.base/java.lang.reflect.Method.invoke(Method.java:568)
at org.testng.internal.invokers.MethodInvocationHelper.invokeMethod(MethodInvocationHelper.java:139)
at org.testng.internal.invokers.MethodInvocationHelper.invokeMethodConsideringTimeout(MethodInvocationHelper.java:69)
at org.testng.internal.invokers.ConfigInvoker.invokeConfigurationMethod(ConfigInvoker.java:361)
at org.testng.internal.invokers.ConfigInvoker.invokeConfigurations(ConfigInvoker.java:296)
at org.testng.internal.invokers.TestInvoker.runConfigMethods(TestInvoker.java:816)
at org.testng.internal.invokers.TestInvoker.runAfterConfigurations(TestInvoker.java:785)
at org.testng.internal.invokers.TestInvoker.invokeMethod(TestInvoker.java:761)
at org.testng.internal.invokers.TestInvoker.invokeTestMethod(TestInvoker.java:221)
at org.testng.internal.invokers.MethodRunner.runInSequence(MethodRunner.java:50)
at org.testng.internal.invokers.TestInvoker$MethodInvocationAgent.invoke(TestInvoker.java:962)
at org.testng.internal.invokers.TestInvoker.invokeTestMethods(TestInvoker.java:194)
at org.testng.internal.invokers.TestMethodWorker.invokeTestMethods(TestMethodWorker.java:148)
at org.testng.internal.invokers.TestMethodWorker.run(TestMethodWorker.java:128)
at java.base/java.util.concurrent.ThreadPoolExecutor.runWorker(ThreadPoolExecutor.java:1136)
at java.base/java.util.concurrent.ThreadPoolExecutor$Worker.run(ThreadPoolExecutor.java:635)
at java.base/java.lang.Thread.run(Thread.java:833)
]]>
            </full-stacktrace>
          </exception> <!-- org.openqa.selenium.NoSuchElementException -->
          <reporter-output>
          </reporter-output>
        </test-method> <!-- logOut -->
        <test-method is-config="true" signature="clearObject()[pri:0, instance:TestPack.TestClass1@1a482e36]" started-at="2022-07-16T23:39:59 IST" name="clearObject" finished-at="2022-07-16T23:39:59 IST" duration-ms="0" status="SKIP">
          <reporter-output>
          </reporter-output>
        </test-method> <!-- clearObject -->
        <test-method is-config="true" signature="closeBrowser()[pri:0, instance:TestPack.TestClass1@1a482e36]" started-at="2022-07-16T23:39:59 IST" name="closeBrowser" finished-at="2022-07-16T23:39:59 IST" duration-ms="0" status="SKIP">
          <reporter-output>
          </reporter-output>
        </test-method> <!-- closeBrowser -->
      </class> <!-- TestPack.TestClass1 -->
    </test> <!-- FirefoxTest -->
  </suite> <!-- flip123 -->
</testng-results>
